2021-11-12 18:20:44,266   INFO       server   Попытка запуска сервера
2021-11-12 18:20:44,267   INFO       server   Удачный запуск сервера
2021-11-12 18:20:44,270   DEBUG      server   Сообщение от клиента - {'action': 'presence', 'time': 1636734044.270375, 'user': {'account_name': 'Guest'}}
2021-11-12 18:20:44,709   DEBUG      server   Сообщение от клиента - {'action': 'presence', 'time': 1636734044.709248, 'user': {'account_name': 'Guest'}}
2021-11-12 18:20:44,725   DEBUG      server   Сообщение от клиента - {'action': 'presence', 'time': 1636734044.7252352, 'user': {'account_name': 'Guest'}}
2021-11-12 18:20:44,726   DEBUG      server   Сообщение от клиента - {'action': 'presence', 'time': 1636734044.7252352, 'user': {'account_name': 'Guest'}}
2021-11-12 18:20:44,741   DEBUG      server   Сообщение от клиента - {'action': 'presence', 'time': 1636734044.7412252, 'user': {'account_name': 'Guest'}}
2021-11-12 18:23:26,173   INFO       server   Попытка запуска сервера
2021-11-12 18:41:12,911   INFO       server   Попытка запуска сервера
2021-11-12 18:43:41,843   INFO       server   Попытка запуска сервера
2021-11-12 18:43:41,844   CRITICAL   utils    Каждый октет должен быть в диапазоне от 0 до 255. Остановка сервера.
2021-11-12 18:43:41,844   CRITICAL   utils    Неверный формат IP-адреса. Остановка сервера.
2021-11-12 18:43:48,655   INFO       server   Попытка запуска сервера
2021-11-12 18:43:48,655   CRITICAL   utils    Порт должен быть в диапазоне от 1024 до 65535. Остановка сервера.
2021-11-12 18:43:48,656   CRITICAL   utils    В качастве порта может быть указано только число в диапазоне от 1024 до 65535. Остановка сервера.
2021-11-12 18:43:57,767   INFO       server   Попытка запуска сервера
2021-11-12 18:44:11,077   INFO       server   Попытка запуска сервера
2021-11-12 18:44:11,078   CRITICAL   utils    Каждый октет должен состоять из цифр. Остановка сервера.
2021-11-12 18:44:11,078   CRITICAL   utils    Неверный формат IP-адреса. Остановка сервера.
2021-11-12 20:32:06,253   CRITICAL   server_log_config Режим отладки: Критическая ошибка
2021-11-12 20:32:06,253   ERROR      server_log_config Режим отладки: Ошибка
2021-11-12 20:32:06,253   WARNING    server_log_config Режим отладки: Предупреждение
2021-11-12 20:32:06,253   INFO       server_log_config Режим отладки: Информационное сообщение
2021-11-12 20:32:06,253   DEBUG      server_log_config Режим отладки: Отладочная информация
